ERROR 2025-12-01 22:52:30,231 basehttp 625000 626040 "GET /usuarios/dashboard/ HTTP/1.1" 500 59
ERROR 2025-12-01 22:52:39,539 basehttp 625000 626040 "GET /usuarios/perfil/12/ HTTP/1.1" 500 59
ERROR 2025-12-01 22:52:39,645 basehttp 625000 626040 "GET /favicon.ico HTTP/1.1" 500 59
ERROR 2025-12-01 23:28:18,339 basehttp 625480 629524 "GET / HTTP/1.1" 500 59
ERROR 2025-12-01 23:28:18,639 basehttp 625480 629524 "GET /favicon.ico HTTP/1.1" 500 59
ERROR 2025-12-01 23:30:12,547 basehttp 625480 629524 "GET /.well-known/appspecific/com.chrome.devtools.json HTTP/1.1" 500 59
ERROR 2025-12-01 23:30:25,482 basehttp 625480 629524 "GET /.well-known/appspecific/com.chrome.devtools.json HTTP/1.1" 500 59
ERROR 2025-12-01 23:30:25,742 basehttp 625480 629524 "GET /.well-known/appspecific/com.chrome.devtools.json HTTP/1.1" 500 59
ERROR 2025-12-01 23:30:26,846 basehttp 625480 629524 "GET /.well-known/appspecific/com.chrome.devtools.json HTTP/1.1" 500 59
ERROR 2025-12-01 23:30:27,068 basehttp 625480 629524 "GET /favicon.ico HTTP/1.1" 500 59
ERROR 2025-12-01 23:30:27,788 basehttp 625480 629524 "GET /.well-known/appspecific/com.chrome.devtools.json HTTP/1.1" 500 59
ERROR 2025-12-01 23:30:27,996 basehttp 625480 629524 "GET /favicon.ico HTTP/1.1" 500 59
ERROR 2025-12-01 23:30:28,717 basehttp 625480 629524 "GET /.well-known/appspecific/com.chrome.devtools.json HTTP/1.1" 500 59
ERROR 2025-12-01 23:30:28,934 basehttp 625480 629524 "GET /favicon.ico HTTP/1.1" 500 59
ERROR 2025-12-01 23:30:29,540 basehttp 625480 629524 "GET /.well-known/appspecific/com.chrome.devtools.json HTTP/1.1" 500 59
ERROR 2025-12-01 23:30:29,580 basehttp 625480 630628 "GET /favicon.ico HTTP/1.1" 500 59
ERROR 2025-12-01 23:30:29,903 basehttp 625480 630628 "GET /.well-known/appspecific/com.chrome.devtools.json HTTP/1.1" 500 59
ERROR 2025-12-01 23:30:30,145 basehttp 625480 630628 "GET /favicon.ico HTTP/1.1" 500 59
ERROR 2025-12-01 23:30:31,704 basehttp 625480 630628 "GET /.well-known/appspecific/com.chrome.devtools.json HTTP/1.1" 500 59
ERROR 2025-12-01 23:30:31,894 basehttp 625480 630628 "GET /favicon.ico HTTP/1.1" 500 59
ERROR 2025-12-01 23:30:33,063 basehttp 625480 629524 "GET /favicon.ico HTTP/1.1" 500 59
ERROR 2025-12-01 23:30:33,064 basehttp 625480 630628 "GET /.well-known/appspecific/com.chrome.devtools.json HTTP/1.1" 500 59
ERROR 2025-12-01 23:30:34,098 basehttp 625480 629524 "GET /.well-known/appspecific/com.chrome.devtools.json HTTP/1.1" 500 59
ERROR 2025-12-01 23:30:34,229 basehttp 625480 629524 "GET /.well-known/appspecific/com.chrome.devtools.json HTTP/1.1" 500 59
ERROR 2025-12-01 23:30:37,928 basehttp 625480 629524 "GET /api HTTP/1.1" 500 59
ERROR 2025-12-01 23:30:38,145 basehttp 625480 630628 "GET /favicon.ico HTTP/1.1" 500 59
ERROR 2025-12-01 23:30:38,157 basehttp 625480 629524 "GET /.well-known/appspecific/com.chrome.devtools.json HTTP/1.1" 500 59
ERROR 2025-12-01 23:31:31,601 basehttp 625480 629524 "GET / HTTP/1.1" 500 59
ERROR 2025-12-01 23:31:31,671 basehttp 625480 629524 "GET /favicon.ico HTTP/1.1" 500 59
ERROR 2025-12-01 23:31:32,767 basehttp 625480 629524 "GET / HTTP/1.1" 500 59
ERROR 2025-12-01 23:31:32,823 basehttp 625480 629524 "GET /favicon.ico HTTP/1.1" 500 59
ERROR 2025-12-01 23:33:42,227 basehttp 625480 629524 "GET /.well-known/appspecific/com.chrome.devtools.json HTTP/1.1" 500 59
ERROR 2025-12-02 00:02:27,017 basehttp 632936 632804 "GET / HTTP/1.1" 500 59
ERROR 2025-12-02 00:02:27,145 basehttp 632936 632804 "GET /.well-known/appspecific/com.chrome.devtools.json HTTP/1.1" 500 59
ERROR 2025-12-02 00:02:27,208 basehttp 632936 632248 "GET /favicon.ico HTTP/1.1" 500 59
ERROR 2025-12-02 00:02:28,884 basehttp 632936 632248 "GET / HTTP/1.1" 500 59
ERROR 2025-12-02 00:02:29,047 basehttp 632936 632248 "GET /.well-known/appspecific/com.chrome.devtools.json HTTP/1.1" 500 59
ERROR 2025-12-02 00:02:29,115 basehttp 632936 632804 "GET /favicon.ico HTTP/1.1" 500 59
ERROR 2025-12-02 00:26:45,321 basehttp 634452 635900 "GET / HTTP/1.1" 500 59
ERROR 2025-12-02 00:26:45,400 basehttp 634452 635900 "GET /favicon.ico HTTP/1.1" 500 59
ERROR 2025-12-02 00:26:46,937 basehttp 634452 635900 "GET /favicon.ico HTTP/1.1" 500 59
